{
  "stats": {
    "suites": 1,
    "tests": 4,
    "passes": 4,
    "pending": 0,
    "failures": 0,
    "start": "2017-08-30T10:33:58.618Z",
    "end": "2017-08-30T10:33:58.656Z",
    "duration": 38,
    "testsRegistered": 4,
    "passPercent": 100,
    "pendingPercent": 0,
    "other": 0,
    "hasOther": false,
    "skipped": 0,
    "hasSkipped": false,
    "passPercentClass": "success",
    "pendingPercentClass": "danger"
  },
  "suites": {
    "title": "",
    "suites": [
      {
        "title": "App",
        "suites": [],
        "tests": [
          {
            "title": "10 should equal 10",
            "fullTitle": "App 10 should equal 10",
            "timedOut": false,
            "duration": 0,
            "state": "passed",
            "speed": "fast",
            "pass": true,
            "fail": false,
            "pending": false,
            "code": "chai.assert.equal(10,10,\"Test 1 equal 1\");",
            "err": {},
            "isRoot": false,
            "uuid": "628598e5-0f5e-40a9-a6c4-a30dac0b7883",
            "parentUUID": "6c854b8c-c619-41f7-b243-04dbf18411ed",
            "isHook": false,
            "skipped": false
          },
          {
            "title": "Is Not Array",
            "fullTitle": "App Is Not Array",
            "timedOut": false,
            "duration": 2,
            "state": "passed",
            "speed": "fast",
            "pass": true,
            "fail": false,
            "pending": false,
            "code": "var test = \"Test\";\n       \n//chai.assert.equal(10,10,\"Test 1 equal 1\");\nchai.assert.isNotArray(test);",
            "err": {},
            "isRoot": false,
            "uuid": "66cc890d-4c87-49ee-b527-6057f37741a0",
            "parentUUID": "6c854b8c-c619-41f7-b243-04dbf18411ed",
            "isHook": false,
            "skipped": false
          },
          {
            "title": "Is Array",
            "fullTitle": "App Is Array",
            "timedOut": false,
            "duration": 1,
            "state": "passed",
            "speed": "fast",
            "pass": true,
            "fail": false,
            "pending": false,
            "code": "var array = [1,2,3,4,5,6];\nchai.assert.isArray(array);",
            "err": {},
            "isRoot": false,
            "uuid": "926d35ae-f63a-49b2-99bd-a658c1d568b7",
            "parentUUID": "6c854b8c-c619-41f7-b243-04dbf18411ed",
            "isHook": false,
            "skipped": false
          },
          {
            "title": "Not equal",
            "fullTitle": "App Not equal",
            "timedOut": false,
            "duration": 0,
            "state": "passed",
            "speed": "fast",
            "pass": true,
            "fail": false,
            "pending": false,
            "code": "",
            "err": {},
            "isRoot": false,
            "uuid": "ed6a45ec-e167-4ae9-8d87-07cb33b65a4d",
            "parentUUID": "6c854b8c-c619-41f7-b243-04dbf18411ed",
            "isHook": false,
            "skipped": false
          }
        ],
        "pending": [],
        "root": false,
        "_timeout": 2000,
        "file": "\\test\\library.test.js",
        "uuid": "6c854b8c-c619-41f7-b243-04dbf18411ed",
        "beforeHooks": [],
        "afterHooks": [],
        "fullFile": "C:\\Users\\SETTHAWUT\\Desktop\\angular4\\learnwebdriver\\test\\library.test.js",
        "passes": [
          {
            "title": "10 should equal 10",
            "fullTitle": "App 10 should equal 10",
            "timedOut": false,
            "duration": 0,
            "state": "passed",
            "speed": "fast",
            "pass": true,
            "fail": false,
            "pending": false,
            "code": "chai.assert.equal(10,10,\"Test 1 equal 1\");",
            "err": {},
            "isRoot": false,
            "uuid": "628598e5-0f5e-40a9-a6c4-a30dac0b7883",
            "parentUUID": "6c854b8c-c619-41f7-b243-04dbf18411ed",
            "isHook": false,
            "skipped": false
          },
          {
            "title": "Is Not Array",
            "fullTitle": "App Is Not Array",
            "timedOut": false,
            "duration": 2,
            "state": "passed",
            "speed": "fast",
            "pass": true,
            "fail": false,
            "pending": false,
            "code": "var test = \"Test\";\n       \n//chai.assert.equal(10,10,\"Test 1 equal 1\");\nchai.assert.isNotArray(test);",
            "err": {},
            "isRoot": false,
            "uuid": "66cc890d-4c87-49ee-b527-6057f37741a0",
            "parentUUID": "6c854b8c-c619-41f7-b243-04dbf18411ed",
            "isHook": false,
            "skipped": false
          },
          {
            "title": "Is Array",
            "fullTitle": "App Is Array",
            "timedOut": false,
            "duration": 1,
            "state": "passed",
            "speed": "fast",
            "pass": true,
            "fail": false,
            "pending": false,
            "code": "var array = [1,2,3,4,5,6];\nchai.assert.isArray(array);",
            "err": {},
            "isRoot": false,
            "uuid": "926d35ae-f63a-49b2-99bd-a658c1d568b7",
            "parentUUID": "6c854b8c-c619-41f7-b243-04dbf18411ed",
            "isHook": false,
            "skipped": false
          },
          {
            "title": "Not equal",
            "fullTitle": "App Not equal",
            "timedOut": false,
            "duration": 0,
            "state": "passed",
            "speed": "fast",
            "pass": true,
            "fail": false,
            "pending": false,
            "code": "",
            "err": {},
            "isRoot": false,
            "uuid": "ed6a45ec-e167-4ae9-8d87-07cb33b65a4d",
            "parentUUID": "6c854b8c-c619-41f7-b243-04dbf18411ed",
            "isHook": false,
            "skipped": false
          }
        ],
        "failures": [],
        "skipped": [],
        "hasBeforeHooks": false,
        "hasAfterHooks": false,
        "hasTests": true,
        "hasSuites": false,
        "totalTests": 4,
        "totalPasses": 4,
        "totalFailures": 0,
        "totalPending": 0,
        "totalSkipped": 0,
        "hasPasses": true,
        "hasFailures": false,
        "hasPending": false,
        "hasSkipped": false,
        "duration": 3,
        "rootEmpty": false
      }
    ],
    "tests": [],
    "pending": [],
    "root": true,
    "_timeout": 2000,
    "uuid": "6c4a35d1-f9d0-4eaf-a134-49bbaa82aa32",
    "beforeHooks": [],
    "afterHooks": [],
    "fullFile": "",
    "file": "",
    "passes": [],
    "failures": [],
    "skipped": [],
    "hasBeforeHooks": false,
    "hasAfterHooks": false,
    "hasTests": false,
    "hasSuites": true,
    "totalTests": 0,
    "totalPasses": 0,
    "totalFailures": 0,
    "totalPending": 0,
    "totalSkipped": 0,
    "hasPasses": false,
    "hasFailures": false,
    "hasPending": false,
    "hasSkipped": false,
    "duration": 0,
    "rootEmpty": true
  },
  "allTests": [
    {
      "title": "10 should equal 10",
      "fullTitle": "App 10 should equal 10",
      "timedOut": false,
      "duration": 0,
      "state": "passed",
      "speed": "fast",
      "pass": true,
      "fail": false,
      "pending": false,
      "code": "chai.assert.equal(10,10,\"Test 1 equal 1\");",
      "err": {},
      "isRoot": false,
      "uuid": "628598e5-0f5e-40a9-a6c4-a30dac0b7883",
      "parentUUID": "6c854b8c-c619-41f7-b243-04dbf18411ed",
      "isHook": false,
      "skipped": false
    },
    {
      "title": "Is Not Array",
      "fullTitle": "App Is Not Array",
      "timedOut": false,
      "duration": 2,
      "state": "passed",
      "speed": "fast",
      "pass": true,
      "fail": false,
      "pending": false,
      "code": "var test = \"Test\";\n       \n//chai.assert.equal(10,10,\"Test 1 equal 1\");\nchai.assert.isNotArray(test);",
      "err": {},
      "isRoot": false,
      "uuid": "66cc890d-4c87-49ee-b527-6057f37741a0",
      "parentUUID": "6c854b8c-c619-41f7-b243-04dbf18411ed",
      "isHook": false,
      "skipped": false
    },
    {
      "title": "Is Array",
      "fullTitle": "App Is Array",
      "timedOut": false,
      "duration": 1,
      "state": "passed",
      "speed": "fast",
      "pass": true,
      "fail": false,
      "pending": false,
      "code": "var array = [1,2,3,4,5,6];\nchai.assert.isArray(array);",
      "err": {},
      "isRoot": false,
      "uuid": "926d35ae-f63a-49b2-99bd-a658c1d568b7",
      "parentUUID": "6c854b8c-c619-41f7-b243-04dbf18411ed",
      "isHook": false,
      "skipped": false
    },
    {
      "title": "Not equal",
      "fullTitle": "App Not equal",
      "timedOut": false,
      "duration": 0,
      "state": "passed",
      "speed": "fast",
      "pass": true,
      "fail": false,
      "pending": false,
      "code": "",
      "err": {},
      "isRoot": false,
      "uuid": "ed6a45ec-e167-4ae9-8d87-07cb33b65a4d",
      "parentUUID": "6c854b8c-c619-41f7-b243-04dbf18411ed",
      "isHook": false,
      "skipped": false
    }
  ],
  "allPending": [],
  "allPasses": [
    {
      "title": "10 should equal 10",
      "fullTitle": "App 10 should equal 10",
      "timedOut": false,
      "duration": 0,
      "state": "passed",
      "speed": "fast",
      "pass": true,
      "fail": false,
      "pending": false,
      "code": "chai.assert.equal(10,10,\"Test 1 equal 1\");",
      "err": {},
      "isRoot": false,
      "uuid": "628598e5-0f5e-40a9-a6c4-a30dac0b7883",
      "parentUUID": "6c854b8c-c619-41f7-b243-04dbf18411ed",
      "isHook": false,
      "skipped": false
    },
    {
      "title": "Is Not Array",
      "fullTitle": "App Is Not Array",
      "timedOut": false,
      "duration": 2,
      "state": "passed",
      "speed": "fast",
      "pass": true,
      "fail": false,
      "pending": false,
      "code": "var test = \"Test\";\n       \n//chai.assert.equal(10,10,\"Test 1 equal 1\");\nchai.assert.isNotArray(test);",
      "err": {},
      "isRoot": false,
      "uuid": "66cc890d-4c87-49ee-b527-6057f37741a0",
      "parentUUID": "6c854b8c-c619-41f7-b243-04dbf18411ed",
      "isHook": false,
      "skipped": false
    },
    {
      "title": "Is Array",
      "fullTitle": "App Is Array",
      "timedOut": false,
      "duration": 1,
      "state": "passed",
      "speed": "fast",
      "pass": true,
      "fail": false,
      "pending": false,
      "code": "var array = [1,2,3,4,5,6];\nchai.assert.isArray(array);",
      "err": {},
      "isRoot": false,
      "uuid": "926d35ae-f63a-49b2-99bd-a658c1d568b7",
      "parentUUID": "6c854b8c-c619-41f7-b243-04dbf18411ed",
      "isHook": false,
      "skipped": false
    },
    {
      "title": "Not equal",
      "fullTitle": "App Not equal",
      "timedOut": false,
      "duration": 0,
      "state": "passed",
      "speed": "fast",
      "pass": true,
      "fail": false,
      "pending": false,
      "code": "",
      "err": {},
      "isRoot": false,
      "uuid": "ed6a45ec-e167-4ae9-8d87-07cb33b65a4d",
      "parentUUID": "6c854b8c-c619-41f7-b243-04dbf18411ed",
      "isHook": false,
      "skipped": false
    }
  ],
  "allFailures": [],
  "copyrightYear": 2017
}