{
  "stats": {
    "suites": 1,
    "tests": 2,
    "passes": 2,
    "pending": 0,
    "failures": 0,
    "start": "2017-08-29T07:06:45.585Z",
    "end": "2017-08-29T07:06:53.903Z",
    "duration": 8318,
    "testsRegistered": 2,
    "passPercent": 100,
    "pendingPercent": 0,
    "other": 0,
    "hasOther": false,
    "skipped": 0,
    "hasSkipped": false,
    "passPercentClass": "success",
    "pendingPercentClass": "danger"
  },
  "suites": {
    "title": "",
    "suites": [
      {
        "title": "Test Scenario ",
        "suites": [],
        "tests": [
          {
            "title": " First ",
            "fullTitle": "Test Scenario   First ",
            "timedOut": false,
            "duration": 4324,
            "state": "passed",
            "speed": "slow",
            "pass": true,
            "fail": false,
            "pending": false,
            "code": "this.timeout(15000);\nsetTimeout(done, 15000);\ndriver.findElement(By.className(\"gb_P\")).getText().then(function(txt){\n            console.log(\"Show text \"+txt);\n        });\n     done();",
            "err": {},
            "isRoot": false,
            "uuid": "4c41b564-da55-40b0-b798-d1d3ef7e1330",
            "parentUUID": "30c11646-17cd-4dfe-aad2-ee47aff9bfe3",
            "isHook": false,
            "skipped": false
          },
          {
            "title": "It should retrun \"Google.co.th ที่เป็นภาษา: English\" ",
            "fullTitle": "Test Scenario  It should retrun \"Google.co.th ที่เป็นภาษา: English\" ",
            "timedOut": false,
            "duration": 3898,
            "state": "passed",
            "speed": "slow",
            "pass": true,
            "fail": false,
            "pending": false,
            "code": "this.timeout(15000);\nsetTimeout(done,15000);\ndriver.findElement(By.id(\"_eEe\")).getText().then(function(txt){\n        console.log(\"Return value : \"+txt);\n});\ndone();",
            "err": {},
            "isRoot": false,
            "uuid": "86cbb9a7-bfa9-4608-a13b-f466ed5eac87",
            "parentUUID": "30c11646-17cd-4dfe-aad2-ee47aff9bfe3",
            "isHook": false,
            "skipped": false
          }
        ],
        "pending": [],
        "root": false,
        "_timeout": 15000,
        "file": "\\test\\library.test.js",
        "uuid": "30c11646-17cd-4dfe-aad2-ee47aff9bfe3",
        "beforeHooks": [
          {
            "title": "\"before each\" hook",
            "fullTitle": "Test Scenario  \"before each\" hook",
            "timedOut": false,
            "duration": 2,
            "pass": false,
            "fail": false,
            "pending": false,
            "code": "//this.timeout(15000);\n        driver = new webdriver.Builder().forBrowser('chrome').build();\n        driver.get('http://www.google.co.th');",
            "err": {},
            "isRoot": false,
            "uuid": "caba1af2-f0e3-48ed-b95d-2e5e0975d673",
            "parentUUID": "30c11646-17cd-4dfe-aad2-ee47aff9bfe3",
            "isHook": true,
            "skipped": false
          }
        ],
        "afterHooks": [
          {
            "title": "\"after each\" hook",
            "fullTitle": "Test Scenario  \"after each\" hook",
            "timedOut": false,
            "duration": 0,
            "pass": false,
            "fail": false,
            "pending": false,
            "code": "driver.quit();",
            "err": {},
            "isRoot": false,
            "uuid": "ee55895f-4e24-4171-ad1b-8162c0b7f65c",
            "parentUUID": "30c11646-17cd-4dfe-aad2-ee47aff9bfe3",
            "isHook": true,
            "skipped": false
          }
        ],
        "fullFile": "C:\\Users\\SETTHAWUT\\Desktop\\angular4\\learnwebdriver\\test\\library.test.js",
        "passes": [
          {
            "title": " First ",
            "fullTitle": "Test Scenario   First ",
            "timedOut": false,
            "duration": 4324,
            "state": "passed",
            "speed": "slow",
            "pass": true,
            "fail": false,
            "pending": false,
            "code": "this.timeout(15000);\nsetTimeout(done, 15000);\ndriver.findElement(By.className(\"gb_P\")).getText().then(function(txt){\n            console.log(\"Show text \"+txt);\n        });\n     done();",
            "err": {},
            "isRoot": false,
            "uuid": "4c41b564-da55-40b0-b798-d1d3ef7e1330",
            "parentUUID": "30c11646-17cd-4dfe-aad2-ee47aff9bfe3",
            "isHook": false,
            "skipped": false
          },
          {
            "title": "It should retrun \"Google.co.th ที่เป็นภาษา: English\" ",
            "fullTitle": "Test Scenario  It should retrun \"Google.co.th ที่เป็นภาษา: English\" ",
            "timedOut": false,
            "duration": 3898,
            "state": "passed",
            "speed": "slow",
            "pass": true,
            "fail": false,
            "pending": false,
            "code": "this.timeout(15000);\nsetTimeout(done,15000);\ndriver.findElement(By.id(\"_eEe\")).getText().then(function(txt){\n        console.log(\"Return value : \"+txt);\n});\ndone();",
            "err": {},
            "isRoot": false,
            "uuid": "86cbb9a7-bfa9-4608-a13b-f466ed5eac87",
            "parentUUID": "30c11646-17cd-4dfe-aad2-ee47aff9bfe3",
            "isHook": false,
            "skipped": false
          }
        ],
        "failures": [],
        "skipped": [],
        "hasBeforeHooks": true,
        "hasAfterHooks": true,
        "hasTests": true,
        "hasSuites": false,
        "totalTests": 2,
        "totalPasses": 2,
        "totalFailures": 0,
        "totalPending": 0,
        "totalSkipped": 0,
        "hasPasses": true,
        "hasFailures": false,
        "hasPending": false,
        "hasSkipped": false,
        "duration": 8222,
        "rootEmpty": false
      }
    ],
    "tests": [],
    "pending": [],
    "root": true,
    "_timeout": 2000,
    "uuid": "ee653942-c234-446c-bb29-cf488d3e38b7",
    "beforeHooks": [],
    "afterHooks": [],
    "fullFile": "",
    "file": "",
    "passes": [],
    "failures": [],
    "skipped": [],
    "hasBeforeHooks": false,
    "hasAfterHooks": false,
    "hasTests": false,
    "hasSuites": true,
    "totalTests": 0,
    "totalPasses": 0,
    "totalFailures": 0,
    "totalPending": 0,
    "totalSkipped": 0,
    "hasPasses": false,
    "hasFailures": false,
    "hasPending": false,
    "hasSkipped": false,
    "duration": 0,
    "rootEmpty": true
  },
  "allTests": [
    {
      "title": " First ",
      "fullTitle": "Test Scenario   First ",
      "timedOut": false,
      "duration": 4324,
      "state": "passed",
      "speed": "slow",
      "pass": true,
      "fail": false,
      "pending": false,
      "code": "this.timeout(15000);\nsetTimeout(done, 15000);\ndriver.findElement(By.className(\"gb_P\")).getText().then(function(txt){\n            console.log(\"Show text \"+txt);\n        });\n     done();",
      "err": {},
      "isRoot": false,
      "uuid": "4c41b564-da55-40b0-b798-d1d3ef7e1330",
      "parentUUID": "30c11646-17cd-4dfe-aad2-ee47aff9bfe3",
      "isHook": false,
      "skipped": false
    },
    {
      "title": "It should retrun \"Google.co.th ที่เป็นภาษา: English\" ",
      "fullTitle": "Test Scenario  It should retrun \"Google.co.th ที่เป็นภาษา: English\" ",
      "timedOut": false,
      "duration": 3898,
      "state": "passed",
      "speed": "slow",
      "pass": true,
      "fail": false,
      "pending": false,
      "code": "this.timeout(15000);\nsetTimeout(done,15000);\ndriver.findElement(By.id(\"_eEe\")).getText().then(function(txt){\n        console.log(\"Return value : \"+txt);\n});\ndone();",
      "err": {},
      "isRoot": false,
      "uuid": "86cbb9a7-bfa9-4608-a13b-f466ed5eac87",
      "parentUUID": "30c11646-17cd-4dfe-aad2-ee47aff9bfe3",
      "isHook": false,
      "skipped": false
    }
  ],
  "allPending": [],
  "allPasses": [
    {
      "title": " First ",
      "fullTitle": "Test Scenario   First ",
      "timedOut": false,
      "duration": 4324,
      "state": "passed",
      "speed": "slow",
      "pass": true,
      "fail": false,
      "pending": false,
      "code": "this.timeout(15000);\nsetTimeout(done, 15000);\ndriver.findElement(By.className(\"gb_P\")).getText().then(function(txt){\n            console.log(\"Show text \"+txt);\n        });\n     done();",
      "err": {},
      "isRoot": false,
      "uuid": "4c41b564-da55-40b0-b798-d1d3ef7e1330",
      "parentUUID": "30c11646-17cd-4dfe-aad2-ee47aff9bfe3",
      "isHook": false,
      "skipped": false
    },
    {
      "title": "It should retrun \"Google.co.th ที่เป็นภาษา: English\" ",
      "fullTitle": "Test Scenario  It should retrun \"Google.co.th ที่เป็นภาษา: English\" ",
      "timedOut": false,
      "duration": 3898,
      "state": "passed",
      "speed": "slow",
      "pass": true,
      "fail": false,
      "pending": false,
      "code": "this.timeout(15000);\nsetTimeout(done,15000);\ndriver.findElement(By.id(\"_eEe\")).getText().then(function(txt){\n        console.log(\"Return value : \"+txt);\n});\ndone();",
      "err": {},
      "isRoot": false,
      "uuid": "86cbb9a7-bfa9-4608-a13b-f466ed5eac87",
      "parentUUID": "30c11646-17cd-4dfe-aad2-ee47aff9bfe3",
      "isHook": false,
      "skipped": false
    }
  ],
  "allFailures": [],
  "copyrightYear": 2017
}