{
  "stats": {
    "suites": 1,
    "tests": 2,
    "passes": 2,
    "pending": 0,
    "failures": 0,
    "start": "2017-08-29T06:54:45.304Z",
    "end": "2017-08-29T06:54:52.789Z",
    "duration": 7485,
    "testsRegistered": 2,
    "passPercent": 100,
    "pendingPercent": 0,
    "other": 0,
    "hasOther": false,
    "skipped": 0,
    "hasSkipped": false,
    "passPercentClass": "success",
    "pendingPercentClass": "danger"
  },
  "suites": {
    "title": "",
    "suites": [
      {
        "title": "Test Scenario ",
        "suites": [],
        "tests": [
          {
            "title": " First ",
            "fullTitle": "Test Scenario   First ",
            "timedOut": false,
            "duration": 4033,
            "state": "passed",
            "speed": "slow",
            "pass": true,
            "fail": false,
            "pending": false,
            "code": "this.timeout(15000);\nsetTimeout(done, 15000);\ndriver.findElement(By.className(\"gb_P\")).getText().then(function(txt){\n            console.log(\"Show text \"+txt);\n        });\n     done();",
            "err": {},
            "isRoot": false,
            "uuid": "55ad1edd-d42d-44e2-a3e3-1e2de4a6c24b",
            "parentUUID": "1db1da7e-c08d-418a-81db-98245ac6ee54",
            "isHook": false,
            "skipped": false
          },
          {
            "title": "It should retrun \"Google.co.th ที่เป็นภาษา: English\" ",
            "fullTitle": "Test Scenario  It should retrun \"Google.co.th ที่เป็นภาษา: English\" ",
            "timedOut": false,
            "duration": 3397,
            "state": "passed",
            "speed": "slow",
            "pass": true,
            "fail": false,
            "pending": false,
            "code": "this.timeout(15000);\nsetTimeout(done,15000);\ndriver.findElement(By.id(\"_eEe\")).getText().then(function(txt){\n        console.log(\"Return value : \"+txt);\n});\ndone();",
            "err": {},
            "isRoot": false,
            "uuid": "a54c72a0-6e64-4bd0-acb4-7635e555164d",
            "parentUUID": "1db1da7e-c08d-418a-81db-98245ac6ee54",
            "isHook": false,
            "skipped": false
          }
        ],
        "pending": [],
        "root": false,
        "_timeout": 15000,
        "file": "\\test\\library.test.js",
        "uuid": "1db1da7e-c08d-418a-81db-98245ac6ee54",
        "beforeHooks": [
          {
            "title": "\"before each\" hook",
            "fullTitle": "Test Scenario  \"before each\" hook",
            "timedOut": false,
            "duration": 2,
            "pass": false,
            "fail": false,
            "pending": false,
            "code": "//this.timeout(15000);\n        driver = new webdriver.Builder().forBrowser('chrome').build();\n        driver.get('http://www.google.co.th');",
            "err": {},
            "isRoot": false,
            "uuid": "bf431299-9406-4089-a7f1-08fd7bfc5ebc",
            "parentUUID": "1db1da7e-c08d-418a-81db-98245ac6ee54",
            "isHook": true,
            "skipped": false
          }
        ],
        "afterHooks": [
          {
            "title": "\"after each\" hook",
            "fullTitle": "Test Scenario  \"after each\" hook",
            "timedOut": false,
            "duration": 0,
            "pass": false,
            "fail": false,
            "pending": false,
            "code": "driver.quit();",
            "err": {},
            "isRoot": false,
            "uuid": "508c4abd-b7c4-4687-a0a4-122d008bf109",
            "parentUUID": "1db1da7e-c08d-418a-81db-98245ac6ee54",
            "isHook": true,
            "skipped": false
          }
        ],
        "fullFile": "C:\\Users\\SETTHAWUT\\Desktop\\angular4\\learnwebdriver\\test\\library.test.js",
        "passes": [
          {
            "title": " First ",
            "fullTitle": "Test Scenario   First ",
            "timedOut": false,
            "duration": 4033,
            "state": "passed",
            "speed": "slow",
            "pass": true,
            "fail": false,
            "pending": false,
            "code": "this.timeout(15000);\nsetTimeout(done, 15000);\ndriver.findElement(By.className(\"gb_P\")).getText().then(function(txt){\n            console.log(\"Show text \"+txt);\n        });\n     done();",
            "err": {},
            "isRoot": false,
            "uuid": "55ad1edd-d42d-44e2-a3e3-1e2de4a6c24b",
            "parentUUID": "1db1da7e-c08d-418a-81db-98245ac6ee54",
            "isHook": false,
            "skipped": false
          },
          {
            "title": "It should retrun \"Google.co.th ที่เป็นภาษา: English\" ",
            "fullTitle": "Test Scenario  It should retrun \"Google.co.th ที่เป็นภาษา: English\" ",
            "timedOut": false,
            "duration": 3397,
            "state": "passed",
            "speed": "slow",
            "pass": true,
            "fail": false,
            "pending": false,
            "code": "this.timeout(15000);\nsetTimeout(done,15000);\ndriver.findElement(By.id(\"_eEe\")).getText().then(function(txt){\n        console.log(\"Return value : \"+txt);\n});\ndone();",
            "err": {},
            "isRoot": false,
            "uuid": "a54c72a0-6e64-4bd0-acb4-7635e555164d",
            "parentUUID": "1db1da7e-c08d-418a-81db-98245ac6ee54",
            "isHook": false,
            "skipped": false
          }
        ],
        "failures": [],
        "skipped": [],
        "hasBeforeHooks": true,
        "hasAfterHooks": true,
        "hasTests": true,
        "hasSuites": false,
        "totalTests": 2,
        "totalPasses": 2,
        "totalFailures": 0,
        "totalPending": 0,
        "totalSkipped": 0,
        "hasPasses": true,
        "hasFailures": false,
        "hasPending": false,
        "hasSkipped": false,
        "duration": 7430,
        "rootEmpty": false
      }
    ],
    "tests": [],
    "pending": [],
    "root": true,
    "_timeout": 2000,
    "uuid": "c107a2a5-6eb4-42e9-ac3c-6d566e2d48c9",
    "beforeHooks": [],
    "afterHooks": [],
    "fullFile": "",
    "file": "",
    "passes": [],
    "failures": [],
    "skipped": [],
    "hasBeforeHooks": false,
    "hasAfterHooks": false,
    "hasTests": false,
    "hasSuites": true,
    "totalTests": 0,
    "totalPasses": 0,
    "totalFailures": 0,
    "totalPending": 0,
    "totalSkipped": 0,
    "hasPasses": false,
    "hasFailures": false,
    "hasPending": false,
    "hasSkipped": false,
    "duration": 0,
    "rootEmpty": true
  },
  "allTests": [
    {
      "title": " First ",
      "fullTitle": "Test Scenario   First ",
      "timedOut": false,
      "duration": 4033,
      "state": "passed",
      "speed": "slow",
      "pass": true,
      "fail": false,
      "pending": false,
      "code": "this.timeout(15000);\nsetTimeout(done, 15000);\ndriver.findElement(By.className(\"gb_P\")).getText().then(function(txt){\n            console.log(\"Show text \"+txt);\n        });\n     done();",
      "err": {},
      "isRoot": false,
      "uuid": "55ad1edd-d42d-44e2-a3e3-1e2de4a6c24b",
      "parentUUID": "1db1da7e-c08d-418a-81db-98245ac6ee54",
      "isHook": false,
      "skipped": false
    },
    {
      "title": "It should retrun \"Google.co.th ที่เป็นภาษา: English\" ",
      "fullTitle": "Test Scenario  It should retrun \"Google.co.th ที่เป็นภาษา: English\" ",
      "timedOut": false,
      "duration": 3397,
      "state": "passed",
      "speed": "slow",
      "pass": true,
      "fail": false,
      "pending": false,
      "code": "this.timeout(15000);\nsetTimeout(done,15000);\ndriver.findElement(By.id(\"_eEe\")).getText().then(function(txt){\n        console.log(\"Return value : \"+txt);\n});\ndone();",
      "err": {},
      "isRoot": false,
      "uuid": "a54c72a0-6e64-4bd0-acb4-7635e555164d",
      "parentUUID": "1db1da7e-c08d-418a-81db-98245ac6ee54",
      "isHook": false,
      "skipped": false
    }
  ],
  "allPending": [],
  "allPasses": [
    {
      "title": " First ",
      "fullTitle": "Test Scenario   First ",
      "timedOut": false,
      "duration": 4033,
      "state": "passed",
      "speed": "slow",
      "pass": true,
      "fail": false,
      "pending": false,
      "code": "this.timeout(15000);\nsetTimeout(done, 15000);\ndriver.findElement(By.className(\"gb_P\")).getText().then(function(txt){\n            console.log(\"Show text \"+txt);\n        });\n     done();",
      "err": {},
      "isRoot": false,
      "uuid": "55ad1edd-d42d-44e2-a3e3-1e2de4a6c24b",
      "parentUUID": "1db1da7e-c08d-418a-81db-98245ac6ee54",
      "isHook": false,
      "skipped": false
    },
    {
      "title": "It should retrun \"Google.co.th ที่เป็นภาษา: English\" ",
      "fullTitle": "Test Scenario  It should retrun \"Google.co.th ที่เป็นภาษา: English\" ",
      "timedOut": false,
      "duration": 3397,
      "state": "passed",
      "speed": "slow",
      "pass": true,
      "fail": false,
      "pending": false,
      "code": "this.timeout(15000);\nsetTimeout(done,15000);\ndriver.findElement(By.id(\"_eEe\")).getText().then(function(txt){\n        console.log(\"Return value : \"+txt);\n});\ndone();",
      "err": {},
      "isRoot": false,
      "uuid": "a54c72a0-6e64-4bd0-acb4-7635e555164d",
      "parentUUID": "1db1da7e-c08d-418a-81db-98245ac6ee54",
      "isHook": false,
      "skipped": false
    }
  ],
  "allFailures": [],
  "copyrightYear": 2017
}